app/build/intermediates/manifest_merge_blame_file/debug/manifest-merger-blame-debug-report.txt
1<?xml version="1.0" encoding="utf-8"?>
2<manifest xmlns:android="http://schemas.android.com/apk/res/android"
3    package="com.example.myfotobook"
4    android:versionCode="1"
5    android:versionName="1.0" >
6
7    <uses-sdk
8        android:minSdkVersion="16"
8-->src\main\AndroidManifest.xml
9        android:targetSdkVersion="29" />
9-->src\main\AndroidManifest.xml
10
11    <uses-permission android:name="android.permission.INTERNET" />
11-->src\main\AndroidManifest.xml:4:5-67
11-->src\main\AndroidManifest.xml:4:22-64
12
13    <!-- Although the *SdkVersion is captured in gradle build files, this is required for non gradle builds -->
14    <!-- <uses-sdk android:minSdkVersion="14"/> -->
15    <uses-permission android:name="android.permission.ACCESS_NETWORK_STATE" />
15-->[com.google.firebase:firebase-database:19.2.0] AndroidManifest.xml:25:5-79
15-->[com.google.firebase:firebase-database:19.2.0] AndroidManifest.xml:25:22-76
16    <uses-permission android:name="android.permission.WAKE_LOCK" /> <!-- Required by older versions of Google Play services to create IID tokens -->
16-->[com.google.android.gms:play-services-measurement-api:17.2.0] AndroidManifest.xml:24:5-68
16-->[com.google.android.gms:play-services-measurement-api:17.2.0] AndroidManifest.xml:24:22-65
17    <uses-permission android:name="com.google.android.c2dm.permission.RECEIVE" />
17-->[com.google.firebase:firebase-iid:19.0.0] AndroidManifest.xml:26:5-82
17-->[com.google.firebase:firebase-iid:19.0.0] AndroidManifest.xml:26:22-79
18    <uses-permission android:name="com.google.android.finsky.permission.BIND_GET_INSTALL_REFERRER_SERVICE" />
18-->[com.google.android.gms:play-services-measurement:17.2.0] AndroidManifest.xml:26:5-110
18-->[com.google.android.gms:play-services-measurement:17.2.0] AndroidManifest.xml:26:22-107
19
20    <application
20-->src\main\AndroidManifest.xml:5:5-21:19
21        android:allowBackup="true"
21-->src\main\AndroidManifest.xml:6:9-35
22        android:appComponentFactory="androidx.core.app.CoreComponentFactory"
22-->[androidx.core:core:1.1.0] AndroidManifest.xml:24:18-86
23        android:debuggable="true"
24        android:icon="@mipmap/ic_launcher"
24-->src\main\AndroidManifest.xml:7:9-43
25        android:label="@string/app_name"
25-->src\main\AndroidManifest.xml:8:9-41
26        android:roundIcon="@mipmap/ic_launcher_round"
26-->src\main\AndroidManifest.xml:9:9-54
27        android:supportsRtl="true"
27-->src\main\AndroidManifest.xml:10:9-35
28        android:testOnly="true"
29        android:theme="@style/AppTheme" >
29-->src\main\AndroidManifest.xml:11:9-40
30        <activity android:name="com.example.myfotobook.DadosFoto" />
30-->src\main\AndroidManifest.xml:12:9-56
30-->src\main\AndroidManifest.xml:12:19-44
31        <activity android:name="com.example.myfotobook.HomeActivity" />
31-->src\main\AndroidManifest.xml:13:9-50
31-->src\main\AndroidManifest.xml:13:19-47
32        <activity android:name="com.example.myfotobook.MainActivity" >
32-->src\main\AndroidManifest.xml:14:9-20:20
32-->src\main\AndroidManifest.xml:14:19-47
33            <intent-filter>
33-->src\main\AndroidManifest.xml:15:13-19:29
34                <action android:name="android.intent.action.MAIN" />
34-->src\main\AndroidManifest.xml:16:17-69
34-->src\main\AndroidManifest.xml:16:25-66
35
36                <category android:name="android.intent.category.LAUNCHER" />
36-->src\main\AndroidManifest.xml:18:17-77
36-->src\main\AndroidManifest.xml:18:27-74
37            </intent-filter>
38        </activity>
39        <activity
39-->[com.google.firebase:firebase-auth:19.2.0] AndroidManifest.xml:24:9-31:50
40            android:name="com.google.firebase.auth.internal.FederatedSignInActivity"
40-->[com.google.firebase:firebase-auth:19.2.0] AndroidManifest.xml:25:13-85
41            android:excludeFromRecents="true"
41-->[com.google.firebase:firebase-auth:19.2.0] AndroidManifest.xml:26:13-46
42            android:exported="true"
42-->[com.google.firebase:firebase-auth:19.2.0] AndroidManifest.xml:27:13-36
43            android:launchMode="singleTask"
43-->[com.google.firebase:firebase-auth:19.2.0] AndroidManifest.xml:28:13-44
44            android:permission="com.google.firebase.auth.api.gms.permission.LAUNCH_FEDERATED_SIGN_IN"
44-->[com.google.firebase:firebase-auth:19.2.0] AndroidManifest.xml:29:13-102
45            android:theme="@android:style/Theme.Translucent.NoTitleBar" />
45-->[com.google.firebase:firebase-auth:19.2.0] AndroidManifest.xml:30:13-72
46
47        <service
47-->[com.google.firebase:firebase-auth:19.2.0] AndroidManifest.xml:33:9-39:19
48            android:name="com.google.firebase.components.ComponentDiscoveryService"
48-->[com.google.firebase:firebase-auth:19.2.0] AndroidManifest.xml:34:13-84
49            android:directBootAware="true"
49-->[com.google.firebase:firebase-common:19.3.0] AndroidManifest.xml:34:13-43
50            android:exported="false" >
50-->[com.google.firebase:firebase-auth:19.2.0] AndroidManifest.xml:35:13-37
51            <meta-data
51-->[com.google.firebase:firebase-auth:19.2.0] AndroidManifest.xml:36:13-38:85
52                android:name="com.google.firebase.components:com.google.firebase.auth.FirebaseAuthRegistrar"
52-->[com.google.firebase:firebase-auth:19.2.0] AndroidManifest.xml:37:17-109
53                android:value="com.google.firebase.components.ComponentRegistrar" />
53-->[com.google.firebase:firebase-auth:19.2.0] AndroidManifest.xml:38:17-82
54            <meta-data
54-->[com.google.firebase:firebase-database:19.2.0] AndroidManifest.xml:32:13-34:85
55                android:name="com.google.firebase.components:com.google.firebase.database.DatabaseRegistrar"
55-->[com.google.firebase:firebase-database:19.2.0] AndroidManifest.xml:33:17-109
56                android:value="com.google.firebase.components.ComponentRegistrar" />
56-->[com.google.firebase:firebase-database:19.2.0] AndroidManifest.xml:34:17-82
57            <meta-data
57-->[com.google.firebase:firebase-storage:19.1.0] AndroidManifest.xml:33:13-35:85
58                android:name="com.google.firebase.components:com.google.firebase.storage.StorageRegistrar"
58-->[com.google.firebase:firebase-storage:19.1.0] AndroidManifest.xml:34:17-107
59                android:value="com.google.firebase.components.ComponentRegistrar" />
59-->[com.google.firebase:firebase-storage:19.1.0] AndroidManifest.xml:35:17-82
60            <meta-data
60-->[com.google.android.gms:play-services-measurement-api:17.2.0] AndroidManifest.xml:30:13-32:85
61                android:name="com.google.firebase.components:com.google.firebase.analytics.connector.internal.AnalyticsConnectorRegistrar"
61-->[com.google.android.gms:play-services-measurement-api:17.2.0] AndroidManifest.xml:31:17-139
62                android:value="com.google.firebase.components.ComponentRegistrar" />
62-->[com.google.android.gms:play-services-measurement-api:17.2.0] AndroidManifest.xml:32:17-82
63            <meta-data
63-->[com.google.firebase:firebase-iid:19.0.0] AndroidManifest.xml:32:13-34:85
64                android:name="com.google.firebase.components:com.google.firebase.iid.Registrar"
64-->[com.google.firebase:firebase-iid:19.0.0] AndroidManifest.xml:33:17-96
65                android:value="com.google.firebase.components.ComponentRegistrar" />
65-->[com.google.firebase:firebase-iid:19.0.0] AndroidManifest.xml:34:17-82
66        </service>
67
68        <activity
68-->[com.google.android.gms:play-services-auth:17.0.0] AndroidManifest.xml:23:9-27:75
69            android:name="com.google.android.gms.auth.api.signin.internal.SignInHubActivity"
69-->[com.google.android.gms:play-services-auth:17.0.0] AndroidManifest.xml:24:13-93
70            android:excludeFromRecents="true"
70-->[com.google.android.gms:play-services-auth:17.0.0] AndroidManifest.xml:25:13-46
71            android:exported="false"
71-->[com.google.android.gms:play-services-auth:17.0.0] AndroidManifest.xml:26:13-37
72            android:theme="@android:style/Theme.Translucent.NoTitleBar" />
72-->[com.google.android.gms:play-services-auth:17.0.0] AndroidManifest.xml:27:13-72
73        <!--
74            Service handling Google Sign-In user revocation. For apps that do not integrate with
75            Google Sign-In, this service will never be started.
76        -->
77        <service
77-->[com.google.android.gms:play-services-auth:17.0.0] AndroidManifest.xml:33:9-36:110
78            android:name="com.google.android.gms.auth.api.signin.RevocationBoundService"
78-->[com.google.android.gms:play-services-auth:17.0.0] AndroidManifest.xml:34:13-89
79            android:exported="true"
79-->[com.google.android.gms:play-services-auth:17.0.0] AndroidManifest.xml:35:13-36
80            android:permission="com.google.android.gms.auth.api.signin.permission.REVOCATION_NOTIFICATION" />
80-->[com.google.android.gms:play-services-auth:17.0.0] AndroidManifest.xml:36:13-107
81
82        <provider
82-->[com.squareup.picasso:picasso:2.71828] AndroidManifest.xml:8:9-11:40
83            android:name="com.squareup.picasso.PicassoProvider"
83-->[com.squareup.picasso:picasso:2.71828] AndroidManifest.xml:9:13-64
84            android:authorities="com.example.myfotobook.com.squareup.picasso"
84-->[com.squareup.picasso:picasso:2.71828] AndroidManifest.xml:10:13-72
85            android:exported="false" />
85-->[com.squareup.picasso:picasso:2.71828] AndroidManifest.xml:11:13-37
86
87        <receiver
87-->[com.google.firebase:firebase-iid:19.0.0] AndroidManifest.xml:37:9-44:20
88            android:name="com.google.firebase.iid.FirebaseInstanceIdReceiver"
88-->[com.google.firebase:firebase-iid:19.0.0] AndroidManifest.xml:38:13-78
89            android:exported="true"
89-->[com.google.firebase:firebase-iid:19.0.0] AndroidManifest.xml:39:13-36
90            android:permission="com.google.android.c2dm.permission.SEND" >
90-->[com.google.firebase:firebase-iid:19.0.0] AndroidManifest.xml:40:13-73
91            <intent-filter>
91-->[com.google.firebase:firebase-iid:19.0.0] AndroidManifest.xml:41:13-43:29
92                <action android:name="com.google.android.c2dm.intent.RECEIVE" />
92-->[com.google.firebase:firebase-iid:19.0.0] AndroidManifest.xml:42:17-81
92-->[com.google.firebase:firebase-iid:19.0.0] AndroidManifest.xml:42:25-78
93            </intent-filter>
94        </receiver>
95
96        <activity
96-->[com.google.android.gms:play-services-base:17.1.0] AndroidManifest.xml:23:9-26:75
97            android:name="com.google.android.gms.common.api.GoogleApiActivity"
97-->[com.google.android.gms:play-services-base:17.1.0] AndroidManifest.xml:24:13-79
98            android:exported="false"
98-->[com.google.android.gms:play-services-base:17.1.0] AndroidManifest.xml:25:13-37
99            android:theme="@android:style/Theme.Translucent.NoTitleBar" />
99-->[com.google.android.gms:play-services-base:17.1.0] AndroidManifest.xml:26:13-72
100
101        <provider
101-->[com.google.firebase:firebase-common:19.3.0] AndroidManifest.xml:26:9-30:39
102            android:name="com.google.firebase.provider.FirebaseInitProvider"
102-->[com.google.firebase:firebase-common:19.3.0] AndroidManifest.xml:27:13-77
103            android:authorities="com.example.myfotobook.firebaseinitprovider"
103-->[com.google.firebase:firebase-common:19.3.0] AndroidManifest.xml:28:13-72
104            android:exported="false"
104-->[com.google.firebase:firebase-common:19.3.0] AndroidManifest.xml:29:13-37
105            android:initOrder="100" />
105-->[com.google.firebase:firebase-common:19.3.0] AndroidManifest.xml:30:13-36
106
107        <receiver
107-->[com.google.android.gms:play-services-measurement:17.2.0] AndroidManifest.xml:29:9-33:20
108            android:name="com.google.android.gms.measurement.AppMeasurementReceiver"
108-->[com.google.android.gms:play-services-measurement:17.2.0] AndroidManifest.xml:30:13-85
109            android:enabled="true"
109-->[com.google.android.gms:play-services-measurement:17.2.0] AndroidManifest.xml:31:13-35
110            android:exported="false" >
110-->[com.google.android.gms:play-services-measurement:17.2.0] AndroidManifest.xml:32:13-37
111        </receiver>
112        <receiver
112-->[com.google.android.gms:play-services-measurement:17.2.0] AndroidManifest.xml:34:9-42:20
113            android:name="com.google.android.gms.measurement.AppMeasurementInstallReferrerReceiver"
113-->[com.google.android.gms:play-services-measurement:17.2.0] AndroidManifest.xml:35:13-100
114            android:enabled="true"
114-->[com.google.android.gms:play-services-measurement:17.2.0] AndroidManifest.xml:36:13-35
115            android:exported="true"
115-->[com.google.android.gms:play-services-measurement:17.2.0] AndroidManifest.xml:37:13-36
116            android:permission="android.permission.INSTALL_PACKAGES" >
116-->[com.google.android.gms:play-services-measurement:17.2.0] AndroidManifest.xml:38:13-69
117            <intent-filter>
117-->[com.google.android.gms:play-services-measurement:17.2.0] AndroidManifest.xml:39:13-41:29
118                <action android:name="com.android.vending.INSTALL_REFERRER" />
118-->[com.google.android.gms:play-services-measurement:17.2.0] AndroidManifest.xml:40:17-79
118-->[com.google.android.gms:play-services-measurement:17.2.0] AndroidManifest.xml:40:25-76
119            </intent-filter>
120        </receiver>
121
122        <service
122-->[com.google.android.gms:play-services-measurement:17.2.0] AndroidManifest.xml:44:9-47:40
123            android:name="com.google.android.gms.measurement.AppMeasurementService"
123-->[com.google.android.gms:play-services-measurement:17.2.0] AndroidManifest.xml:45:13-84
124            android:enabled="true"
124-->[com.google.android.gms:play-services-measurement:17.2.0] AndroidManifest.xml:46:13-35
125            android:exported="false" />
125-->[com.google.android.gms:play-services-measurement:17.2.0] AndroidManifest.xml:47:13-37
126        <service
126-->[com.google.android.gms:play-services-measurement:17.2.0] AndroidManifest.xml:48:9-52:72
127            android:name="com.google.android.gms.measurement.AppMeasurementJobService"
127-->[com.google.android.gms:play-services-measurement:17.2.0] AndroidManifest.xml:49:13-87
128            android:enabled="true"
128-->[com.google.android.gms:play-services-measurement:17.2.0] AndroidManifest.xml:50:13-35
129            android:exported="false"
129-->[com.google.android.gms:play-services-measurement:17.2.0] AndroidManifest.xml:51:13-37
130            android:permission="android.permission.BIND_JOB_SERVICE" />
130-->[com.google.android.gms:play-services-measurement:17.2.0] AndroidManifest.xml:52:13-69
131
132        <meta-data
132-->[com.google.android.gms:play-services-basement:17.0.0] AndroidManifest.xml:23:9-25:69
133            android:name="com.google.android.gms.version"
133-->[com.google.android.gms:play-services-basement:17.0.0] AndroidManifest.xml:24:13-58
134            android:value="@integer/google_play_services_version" />
134-->[com.google.android.gms:play-services-basement:17.0.0] AndroidManifest.xml:25:13-66
135    </application>
136
137</manifest>